[     304ms] [VERBOSE] [DOM] Input elements should have autocomplete attributes (suggested: "username"): (More info: https://goo.gl/9p2vKq) %o @ https://dev-green.techmaster.in.th/login:0
[     418ms] [LOG] Storage rehydrated: {hasState: true, hasAccessToken: null, isAuthenticated: false} @ https://dev-green.techmaster.in.th/_next/static/chunks/3264-d9459b95a7c0863a.js:0
[    8860ms] [LOG] Attempting login... @ https://dev-green.techmaster.in.th/_next/static/chunks/3264-d9459b95a7c0863a.js:0
[    9204ms] [LOG] Login successful, setting tokens @ https://dev-green.techmaster.in.th/_next/static/chunks/3264-d9459b95a7c0863a.js:0
[    9204ms] [LOG] Fetching profile after login... @ https://dev-green.techmaster.in.th/_next/static/chunks/3264-d9459b95a7c0863a.js:0
[    9204ms] [LOG] Fetch profile called, auth state: {hasAccessToken: true, isAuthenticated: true} @ https://dev-green.techmaster.in.th/_next/static/chunks/3264-d9459b95a7c0863a.js:0
[    9204ms] [LOG] Fetching profile... @ https://dev-green.techmaster.in.th/_next/static/chunks/3264-d9459b95a7c0863a.js:0
[    9363ms] [LOG] Profile fetched successfully @ https://dev-green.techmaster.in.th/_next/static/chunks/3264-d9459b95a7c0863a.js:0
[    9644ms] [VERBOSE] [DOM] Password field is not contained in a form: (More info: https://goo.gl/9p2vKq) %o @ https://dev-green.techmaster.in.th/dashboard:0
[    9644ms] [VERBOSE] [DOM] Password field is not contained in a form: (More info: https://goo.gl/9p2vKq) %o @ https://dev-green.techmaster.in.th/dashboard:0
[    9644ms] [VERBOSE] [DOM] Password field is not contained in a form: (More info: https://goo.gl/9p2vKq) %o @ https://dev-green.techmaster.in.th/dashboard:0
[   56163ms] [LOG] hasAccess true @ https://dev-green.techmaster.in.th/_next/static/chunks/5395-f127fedd895e3d1c.js:0
[   56163ms] [LOG] permissions [CHECKIN_MANAGE_VIEW] @ https://dev-green.techmaster.in.th/_next/static/chunks/5395-f127fedd895e3d1c.js:0
[   74819ms] [LOG] hasAccess true @ https://dev-green.techmaster.in.th/_next/static/chunks/5395-f127fedd895e3d1c.js:0
[   74819ms] [LOG] permissions [CHECKIN_MANAGE_VIEW] @ https://dev-green.techmaster.in.th/_next/static/chunks/5395-f127fedd895e3d1c.js:0
[   91302ms] [LOG] hasAccess true @ https://dev-green.techmaster.in.th/_next/static/chunks/5395-f127fedd895e3d1c.js:0
[   91302ms] [LOG] permissions [CHECKIN_LIST_VIEW] @ https://dev-green.techmaster.in.th/_next/static/chunks/5395-f127fedd895e3d1c.js:0
[   91424ms] [LOG] hasAccess true @ https://dev-green.techmaster.in.th/_next/static/chunks/5395-f127fedd895e3d1c.js:0
[   91424ms] [LOG] permissions [CHECKIN_LIST_VIEW] @ https://dev-green.techmaster.in.th/_next/static/chunks/5395-f127fedd895e3d1c.js:0
[   91849ms] [LOG] hasAccess true @ https://dev-green.techmaster.in.th/_next/static/chunks/5395-f127fedd895e3d1c.js:0
[   91850ms] [LOG] permissions [CHECKIN_LIST_VIEW] @ https://dev-green.techmaster.in.th/_next/static/chunks/5395-f127fedd895e3d1c.js:0
[   92107ms] [LOG] hasAccess true @ https://dev-green.techmaster.in.th/_next/static/chunks/5395-f127fedd895e3d1c.js:0
[   92108ms] [LOG] permissions [CHECKIN_LIST_VIEW] @ https://dev-green.techmaster.in.th/_next/static/chunks/5395-f127fedd895e3d1c.js:0
[  112761ms] [LOG] hasAccess true @ https://dev-green.techmaster.in.th/_next/static/chunks/5395-f127fedd895e3d1c.js:0
[  112761ms] [LOG] permissions [CHECKIN_LIST_VIEW] @ https://dev-green.techmaster.in.th/_next/static/chunks/5395-f127fedd895e3d1c.js:0
[  112766ms] [LOG] hasAccess true @ https://dev-green.techmaster.in.th/_next/static/chunks/5395-f127fedd895e3d1c.js:0
[  112766ms] [LOG] permissions [CHECKIN_LIST_VIEW] @ https://dev-green.techmaster.in.th/_next/static/chunks/5395-f127fedd895e3d1c.js:0
[  112841ms] [LOG] hasAccess true @ https://dev-green.techmaster.in.th/_next/static/chunks/5395-f127fedd895e3d1c.js:0
[  112841ms] [LOG] permissions [CHECKIN_LIST_VIEW] @ https://dev-green.techmaster.in.th/_next/static/chunks/5395-f127fedd895e3d1c.js:0
[  113271ms] [LOG] hasAccess true @ https://dev-green.techmaster.in.th/_next/static/chunks/5395-f127fedd895e3d1c.js:0
[  113271ms] [LOG] permissions [CHECKIN_LIST_VIEW] @ https://dev-green.techmaster.in.th/_next/static/chunks/5395-f127fedd895e3d1c.js:0
[  113434ms] [LOG] hasAccess true @ https://dev-green.techmaster.in.th/_next/static/chunks/5395-f127fedd895e3d1c.js:0
[  113434ms] [LOG] permissions [CHECKIN_LIST_VIEW] @ https://dev-green.techmaster.in.th/_next/static/chunks/5395-f127fedd895e3d1c.js:0
