[     425ms] [VERBOSE] [DOM] Input elements should have autocomplete attributes (suggested: "username"): (More info: https://goo.gl/9p2vKq) %o @ https://dev-green.techmaster.in.th/login:0
[     460ms] [LOG] Storage rehydrated: {hasState: true, hasAccessToken: null, isAuthenticated: false} @ https://dev-green.techmaster.in.th/_next/static/chunks/3264-d9459b95a7c0863a.js:0
[    8763ms] [LOG] Attempting login... @ https://dev-green.techmaster.in.th/_next/static/chunks/3264-d9459b95a7c0863a.js:0
[    9133ms] [LOG] Login successful, setting tokens @ https://dev-green.techmaster.in.th/_next/static/chunks/3264-d9459b95a7c0863a.js:0
[    9133ms] [LOG] Fetching profile after login... @ https://dev-green.techmaster.in.th/_next/static/chunks/3264-d9459b95a7c0863a.js:0
[    9133ms] [LOG] Fetch profile called, auth state: {hasAccessToken: true, isAuthenticated: true} @ https://dev-green.techmaster.in.th/_next/static/chunks/3264-d9459b95a7c0863a.js:0
[    9133ms] [LOG] Fetching profile... @ https://dev-green.techmaster.in.th/_next/static/chunks/3264-d9459b95a7c0863a.js:0
[    9278ms] [LOG] Profile fetched successfully @ https://dev-green.techmaster.in.th/_next/static/chunks/3264-d9459b95a7c0863a.js:0
[    9551ms] [VERBOSE] [DOM] Password field is not contained in a form: (More info: https://goo.gl/9p2vKq) %o @ https://dev-green.techmaster.in.th/dashboard:0
[    9552ms] [VERBOSE] [DOM] Password field is not contained in a form: (More info: https://goo.gl/9p2vKq) %o @ https://dev-green.techmaster.in.th/dashboard:0
[    9552ms] [VERBOSE] [DOM] Password field is not contained in a form: (More info: https://goo.gl/9p2vKq) %o @ https://dev-green.techmaster.in.th/dashboard:0
[   44662ms] [LOG] hasAccess true @ https://dev-green.techmaster.in.th/_next/static/chunks/5395-f127fedd895e3d1c.js:0
[   44662ms] [LOG] permissions [TRANSPORT_PICK_SUMMARY_VIEW] @ https://dev-green.techmaster.in.th/_next/static/chunks/5395-f127fedd895e3d1c.js:0
[   44777ms] [LOG] hasAccess true @ https://dev-green.techmaster.in.th/_next/static/chunks/5395-f127fedd895e3d1c.js:0
[   44777ms] [LOG] permissions [TRANSPORT_PICK_SUMMARY_VIEW] @ https://dev-green.techmaster.in.th/_next/static/chunks/5395-f127fedd895e3d1c.js:0
[   45539ms] [LOG] hasAccess true @ https://dev-green.techmaster.in.th/_next/static/chunks/5395-f127fedd895e3d1c.js:0
[   45539ms] [LOG] permissions [TRANSPORT_PICK_SUMMARY_VIEW] @ https://dev-green.techmaster.in.th/_next/static/chunks/5395-f127fedd895e3d1c.js:0
[   71338ms] [LOG] hasAccess true @ https://dev-green.techmaster.in.th/_next/static/chunks/5395-f127fedd895e3d1c.js:0
[   71338ms] [LOG] permissions [] @ https://dev-green.techmaster.in.th/_next/static/chunks/5395-f127fedd895e3d1c.js:0
[  124812ms] [LOG] hasAccess true @ https://dev-green.techmaster.in.th/_next/static/chunks/5395-f127fedd895e3d1c.js:0
[  124812ms] [LOG] permissions [] @ https://dev-green.techmaster.in.th/_next/static/chunks/5395-f127fedd895e3d1c.js:0
[  135985ms] [LOG] hasAccess true @ https://dev-green.techmaster.in.th/_next/static/chunks/5395-f127fedd895e3d1c.js:0
[  135985ms] [LOG] permissions [] @ https://dev-green.techmaster.in.th/_next/static/chunks/5395-f127fedd895e3d1c.js:0
[  136185ms] [LOG] hasAccess true @ https://dev-green.techmaster.in.th/_next/static/chunks/5395-f127fedd895e3d1c.js:0
[  136185ms] [LOG] permissions [] @ https://dev-green.techmaster.in.th/_next/static/chunks/5395-f127fedd895e3d1c.js:0
[  136784ms] [LOG] hasAccess true @ https://dev-green.techmaster.in.th/_next/static/chunks/5395-f127fedd895e3d1c.js:0
[  136784ms] [LOG] permissions [] @ https://dev-green.techmaster.in.th/_next/static/chunks/5395-f127fedd895e3d1c.js:0
[  172142ms] [LOG] hasAccess true @ https://dev-green.techmaster.in.th/_next/static/chunks/5395-f127fedd895e3d1c.js:0
[  172143ms] [LOG] permissions [TRANSPORT_DROP_SUMMARY_VIEW] @ https://dev-green.techmaster.in.th/_next/static/chunks/5395-f127fedd895e3d1c.js:0
[  172261ms] [LOG] hasAccess true @ https://dev-green.techmaster.in.th/_next/static/chunks/5395-f127fedd895e3d1c.js:0
[  172261ms] [LOG] permissions [TRANSPORT_DROP_SUMMARY_VIEW] @ https://dev-green.techmaster.in.th/_next/static/chunks/5395-f127fedd895e3d1c.js:0
[  173029ms] [LOG] hasAccess true @ https://dev-green.techmaster.in.th/_next/static/chunks/5395-f127fedd895e3d1c.js:0
[  173029ms] [LOG] permissions [TRANSPORT_DROP_SUMMARY_VIEW] @ https://dev-green.techmaster.in.th/_next/static/chunks/5395-f127fedd895e3d1c.js:0
[  182737ms] [LOG] hasAccess true @ https://dev-green.techmaster.in.th/_next/static/chunks/5395-f127fedd895e3d1c.js:0
[  182737ms] [LOG] permissions [] @ https://dev-green.techmaster.in.th/_next/static/chunks/5395-f127fedd895e3d1c.js:0
[  197672ms] [LOG] hasAccess true @ https://dev-green.techmaster.in.th/_next/static/chunks/5395-f127fedd895e3d1c.js:0
[  197672ms] [LOG] permissions [] @ https://dev-green.techmaster.in.th/_next/static/chunks/5395-f127fedd895e3d1c.js:0
[  197873ms] [LOG] hasAccess true @ https://dev-green.techmaster.in.th/_next/static/chunks/5395-f127fedd895e3d1c.js:0
[  197874ms] [LOG] permissions [] @ https://dev-green.techmaster.in.th/_next/static/chunks/5395-f127fedd895e3d1c.js:0
[  198473ms] [LOG] hasAccess true @ https://dev-green.techmaster.in.th/_next/static/chunks/5395-f127fedd895e3d1c.js:0
[  198473ms] [LOG] permissions [] @ https://dev-green.techmaster.in.th/_next/static/chunks/5395-f127fedd895e3d1c.js:0
[  228598ms] [LOG] hasAccess true @ https://dev-green.techmaster.in.th/_next/static/chunks/5395-f127fedd895e3d1c.js:0
[  228598ms] [LOG] permissions [] @ https://dev-green.techmaster.in.th/_next/static/chunks/5395-f127fedd895e3d1c.js:0
