[     209ms] [LOG] Storage rehydrated: {hasState: true, hasAccessToken: eyJhbGciOiJIUzI1NiIsInR5cCI6IkpXVCJ9.eyJpZCI6NTMsI…U0OH0.Ps3pKy24kAbolzyXKjkkzMoNHGVAI8kECcq-SAObgfw, isAuthenticated: true} @ https://dev-green.techmaster.in.th/_next/static/chunks/3264-d9459b95a7c0863a.js:0
[     209ms] [LOG] Has token after rehydration, fetching profile... @ https://dev-green.techmaster.in.th/_next/static/chunks/3264-d9459b95a7c0863a.js:0
[     221ms] [LOG] Fetch profile called, auth state: {hasAccessToken: true, isAuthenticated: true} @ https://dev-green.techmaster.in.th/_next/static/chunks/3264-d9459b95a7c0863a.js:0
[     221ms] [LOG] Fetching profile... @ https://dev-green.techmaster.in.th/_next/static/chunks/3264-d9459b95a7c0863a.js:0
[     275ms] [LOG] hasAccess true @ https://dev-green.techmaster.in.th/_next/static/chunks/5395-5679d279d97322c8.js:0
[     275ms] [LOG] permissions [EXPENSE_ADVANCE_VIEW] @ https://dev-green.techmaster.in.th/_next/static/chunks/5395-5679d279d97322c8.js:0
[     402ms] [VERBOSE] [DOM] Password field is not contained in a form: (More info: https://goo.gl/9p2vKq) %o @ https://dev-green.techmaster.in.th/payment/advance:0
[     402ms] [VERBOSE] [DOM] Password field is not contained in a form: (More info: https://goo.gl/9p2vKq) %o @ https://dev-green.techmaster.in.th/payment/advance:0
[     402ms] [VERBOSE] [DOM] Password field is not contained in a form: (More info: https://goo.gl/9p2vKq) %o @ https://dev-green.techmaster.in.th/payment/advance:0
[     446ms] [LOG] hasAccess true @ https://dev-green.techmaster.in.th/_next/static/chunks/5395-5679d279d97322c8.js:0
[     446ms] [LOG] permissions [EXPENSE_ADVANCE_VIEW] @ https://dev-green.techmaster.in.th/_next/static/chunks/5395-5679d279d97322c8.js:0
[     468ms] [LOG] Profile fetched successfully @ https://dev-green.techmaster.in.th/_next/static/chunks/3264-d9459b95a7c0863a.js:0
[     475ms] [LOG] hasAccess true @ https://dev-green.techmaster.in.th/_next/static/chunks/5395-5679d279d97322c8.js:0
[     475ms] [LOG] permissions [EXPENSE_ADVANCE_VIEW] @ https://dev-green.techmaster.in.th/_next/static/chunks/5395-5679d279d97322c8.js:0
[     498ms] [LOG] hasAccess true @ https://dev-green.techmaster.in.th/_next/static/chunks/5395-5679d279d97322c8.js:0
[     498ms] [LOG] permissions [EXPENSE_ADVANCE_VIEW] @ https://dev-green.techmaster.in.th/_next/static/chunks/5395-5679d279d97322c8.js:0
[     508ms] [LOG] hasAccess true @ https://dev-green.techmaster.in.th/_next/static/chunks/5395-5679d279d97322c8.js:0
[     508ms] [LOG] permissions [EXPENSE_ADVANCE_VIEW] @ https://dev-green.techmaster.in.th/_next/static/chunks/5395-5679d279d97322c8.js:0
[     813ms] [LOG] hasAccess true @ https://dev-green.techmaster.in.th/_next/static/chunks/5395-5679d279d97322c8.js:0
[     813ms] [LOG] permissions [EXPENSE_ADVANCE_VIEW] @ https://dev-green.techmaster.in.th/_next/static/chunks/5395-5679d279d97322c8.js:0
[     970ms] [LOG] hasAccess true @ https://dev-green.techmaster.in.th/_next/static/chunks/5395-5679d279d97322c8.js:0
[     970ms] [LOG] permissions [EXPENSE_ADVANCE_VIEW] @ https://dev-green.techmaster.in.th/_next/static/chunks/5395-5679d279d97322c8.js:0
