[     183ms] [LOG] Storage rehydrated: {hasState: true, hasAccessToken: eyJhbGciOiJIUzI1NiIsInR5cCI6IkpXVCJ9.eyJpZCI6Mywid…xNDh9.9P1qGzzzp2xOv1vFSkhEcf_1UqmYYxTrtHiw8Jucguc, isAuthenticated: true} @ https://dev-green.techmaster.in.th/_next/static/chunks/3264-d9459b95a7c0863a.js:0
[     184ms] [LOG] Has token after rehydration, fetching profile... @ https://dev-green.techmaster.in.th/_next/static/chunks/3264-d9459b95a7c0863a.js:0
[     198ms] [LOG] Fetch profile called, auth state: {hasAccessToken: true, isAuthenticated: true} @ https://dev-green.techmaster.in.th/_next/static/chunks/3264-d9459b95a7c0863a.js:0
[     198ms] [LOG] Fetching profile... @ https://dev-green.techmaster.in.th/_next/static/chunks/3264-d9459b95a7c0863a.js:0
[     230ms] [LOG] hasAccess true @ https://dev-green.techmaster.in.th/_next/static/chunks/5395-ca373b45cc0718f3.js:0
[     230ms] [LOG] permissions [VEHICLE_SUPPLIER_LIST_VIEW] @ https://dev-green.techmaster.in.th/_next/static/chunks/5395-ca373b45cc0718f3.js:0
[     341ms] [LOG] hasAccess true @ https://dev-green.techmaster.in.th/_next/static/chunks/5395-ca373b45cc0718f3.js:0
[     341ms] [LOG] permissions [VEHICLE_SUPPLIER_LIST_VIEW] @ https://dev-green.techmaster.in.th/_next/static/chunks/5395-ca373b45cc0718f3.js:0
[     346ms] [LOG] Profile fetched successfully @ https://dev-green.techmaster.in.th/_next/static/chunks/3264-d9459b95a7c0863a.js:0
[     348ms] [LOG] hasAccess true @ https://dev-green.techmaster.in.th/_next/static/chunks/5395-ca373b45cc0718f3.js:0
[     348ms] [LOG] permissions [VEHICLE_SUPPLIER_LIST_VIEW] @ https://dev-green.techmaster.in.th/_next/static/chunks/5395-ca373b45cc0718f3.js:0
[     352ms] [VERBOSE] [DOM] Password field is not contained in a form: (More info: https://goo.gl/9p2vKq) %o @ https://dev-green.techmaster.in.th/vehicle/supplier?page=1&page_size=15:0
[     352ms] [VERBOSE] [DOM] Password field is not contained in a form: (More info: https://goo.gl/9p2vKq) %o @ https://dev-green.techmaster.in.th/vehicle/supplier?page=1&page_size=15:0
[     352ms] [VERBOSE] [DOM] Password field is not contained in a form: (More info: https://goo.gl/9p2vKq) %o @ https://dev-green.techmaster.in.th/vehicle/supplier?page=1&page_size=15:0
[    1007ms] [LOG] hasAccess true @ https://dev-green.techmaster.in.th/_next/static/chunks/5395-ca373b45cc0718f3.js:0
[    1007ms] [LOG] permissions [VEHICLE_SUPPLIER_LIST_VIEW] @ https://dev-green.techmaster.in.th/_next/static/chunks/5395-ca373b45cc0718f3.js:0
[    1629ms] [LOG] initialData.region_code undefined @ https://dev-green.techmaster.in.th/_next/static/chunks/5395-ca373b45cc0718f3.js:0
[    1810ms] [LOG] initialData.region_code null @ https://dev-green.techmaster.in.th/_next/static/chunks/5395-ca373b45cc0718f3.js:0
[    1813ms] [LOG] errors {} @ https://dev-green.techmaster.in.th/_next/static/chunks/5395-ca373b45cc0718f3.js:0
[    1817ms] [LOG] errors {} @ https://dev-green.techmaster.in.th/_next/static/chunks/5395-ca373b45cc0718f3.js:0
[    1824ms] [LOG] errors {} @ https://dev-green.techmaster.in.th/_next/static/chunks/5395-ca373b45cc0718f3.js:0
[    1888ms] [LOG] errors {} @ https://dev-green.techmaster.in.th/_next/static/chunks/5395-ca373b45cc0718f3.js:0
[    1891ms] [LOG] errors {} @ https://dev-green.techmaster.in.th/_next/static/chunks/5395-ca373b45cc0718f3.js:0
[    1894ms] [LOG] errors {} @ https://dev-green.techmaster.in.th/_next/static/chunks/5395-ca373b45cc0718f3.js:0
[    1896ms] [LOG] errors {} @ https://dev-green.techmaster.in.th/_next/static/chunks/5395-ca373b45cc0718f3.js:0
[    1957ms] [LOG] errors {} @ https://dev-green.techmaster.in.th/_next/static/chunks/5395-ca373b45cc0718f3.js:0
