[     462ms] [VERBOSE] [DOM] Input elements should have autocomplete attributes (suggested: "username"): (More info: https://goo.gl/9p2vKq) %o @ https://dev-green.techmaster.in.th/login:0
[     505ms] [LOG] Storage rehydrated: {hasState: true, hasAccessToken: null, isAuthenticated: false} @ https://dev-green.techmaster.in.th/_next/static/chunks/3264-d9459b95a7c0863a.js:0
[    6920ms] [LOG] Attempting login... @ https://dev-green.techmaster.in.th/_next/static/chunks/3264-d9459b95a7c0863a.js:0
[    7306ms] [LOG] Login successful, setting tokens @ https://dev-green.techmaster.in.th/_next/static/chunks/3264-d9459b95a7c0863a.js:0
[    7306ms] [LOG] Fetching profile after login... @ https://dev-green.techmaster.in.th/_next/static/chunks/3264-d9459b95a7c0863a.js:0
[    7306ms] [LOG] Fetch profile called, auth state: {hasAccessToken: true, isAuthenticated: true} @ https://dev-green.techmaster.in.th/_next/static/chunks/3264-d9459b95a7c0863a.js:0
[    7306ms] [LOG] Fetching profile... @ https://dev-green.techmaster.in.th/_next/static/chunks/3264-d9459b95a7c0863a.js:0
[    7521ms] [LOG] Profile fetched successfully @ https://dev-green.techmaster.in.th/_next/static/chunks/3264-d9459b95a7c0863a.js:0
[    7798ms] [VERBOSE] [DOM] Password field is not contained in a form: (More info: https://goo.gl/9p2vKq) %o @ https://dev-green.techmaster.in.th/dashboard:0
[    7798ms] [VERBOSE] [DOM] Password field is not contained in a form: (More info: https://goo.gl/9p2vKq) %o @ https://dev-green.techmaster.in.th/dashboard:0
[    7798ms] [VERBOSE] [DOM] Password field is not contained in a form: (More info: https://goo.gl/9p2vKq) %o @ https://dev-green.techmaster.in.th/dashboard:0
[   40497ms] [LOG] hasAccess true @ https://dev-green.techmaster.in.th/_next/static/chunks/5395-f127fedd895e3d1c.js:0
[   40497ms] [LOG] permissions [EXCURSION_SUMMARY_VIEW] @ https://dev-green.techmaster.in.th/_next/static/chunks/5395-f127fedd895e3d1c.js:0
[   40614ms] [LOG] hasAccess true @ https://dev-green.techmaster.in.th/_next/static/chunks/5395-f127fedd895e3d1c.js:0
[   40614ms] [LOG] permissions [EXCURSION_SUMMARY_VIEW] @ https://dev-green.techmaster.in.th/_next/static/chunks/5395-f127fedd895e3d1c.js:0
[   41340ms] [LOG] hasAccess true @ https://dev-green.techmaster.in.th/_next/static/chunks/5395-f127fedd895e3d1c.js:0
[   41340ms] [LOG] permissions [EXCURSION_SUMMARY_VIEW] @ https://dev-green.techmaster.in.th/_next/static/chunks/5395-f127fedd895e3d1c.js:0
[   93414ms] [LOG] hasAccess true @ https://dev-green.techmaster.in.th/_next/static/chunks/5395-f127fedd895e3d1c.js:0
[   93414ms] [LOG] permissions [] @ https://dev-green.techmaster.in.th/_next/static/chunks/5395-f127fedd895e3d1c.js:0
[  135124ms] [LOG] hasAccess true @ https://dev-green.techmaster.in.th/_next/static/chunks/5395-f127fedd895e3d1c.js:0
[  135124ms] [LOG] permissions [] @ https://dev-green.techmaster.in.th/_next/static/chunks/5395-f127fedd895e3d1c.js:0
[  161675ms] [LOG] hasAccess true @ https://dev-green.techmaster.in.th/_next/static/chunks/5395-f127fedd895e3d1c.js:0
[  161675ms] [LOG] permissions [] @ https://dev-green.techmaster.in.th/_next/static/chunks/5395-f127fedd895e3d1c.js:0
[  161892ms] [LOG] hasAccess true @ https://dev-green.techmaster.in.th/_next/static/chunks/5395-f127fedd895e3d1c.js:0
[  161892ms] [LOG] permissions [] @ https://dev-green.techmaster.in.th/_next/static/chunks/5395-f127fedd895e3d1c.js:0
[  162463ms] [LOG] hasAccess true @ https://dev-green.techmaster.in.th/_next/static/chunks/5395-f127fedd895e3d1c.js:0
[  162463ms] [LOG] permissions [] @ https://dev-green.techmaster.in.th/_next/static/chunks/5395-f127fedd895e3d1c.js:0
