[     249ms] [LOG] Storage rehydrated: {hasState: true, hasAccessToken: eyJhbGciOiJIUzI1NiIsInR5cCI6IkpXVCJ9.eyJpZCI6NTMsI…QzMH0.4KWdKXv7rSX1YIq2kM2pqX0bHf5kzCc6GyEfQKDQcPo, isAuthenticated: true} @ https://dev-green.techmaster.in.th/_next/static/chunks/app/(auth)/dashboard/page-fb590b365b40219b.js:0
[     249ms] [LOG] Has token after rehydration, fetching profile... @ https://dev-green.techmaster.in.th/_next/static/chunks/app/(auth)/dashboard/page-fb590b365b40219b.js:0
[     263ms] [LOG] Fetch profile called, auth state: {hasAccessToken: true, isAuthenticated: true} @ https://dev-green.techmaster.in.th/_next/static/chunks/app/(auth)/dashboard/page-fb590b365b40219b.js:0
[     263ms] [LOG] Fetching profile... @ https://dev-green.techmaster.in.th/_next/static/chunks/app/(auth)/dashboard/page-fb590b365b40219b.js:0
[     396ms] [VERBOSE] [DOM] Password field is not contained in a form: (More info: https://goo.gl/9p2vKq) %o @ https://dev-green.techmaster.in.th/dashboard:0
[     396ms] [VERBOSE] [DOM] Password field is not contained in a form: (More info: https://goo.gl/9p2vKq) %o @ https://dev-green.techmaster.in.th/dashboard:0
[     396ms] [VERBOSE] [DOM] Password field is not contained in a form: (More info: https://goo.gl/9p2vKq) %o @ https://dev-green.techmaster.in.th/dashboard:0
[     403ms] [LOG] Profile fetched successfully @ https://dev-green.techmaster.in.th/_next/static/chunks/app/(auth)/dashboard/page-fb590b365b40219b.js:0
[   11103ms] [LOG] hasAccess true @ https://dev-green.techmaster.in.th/_next/static/chunks/5395-700b2ec6d3cb7694.js:0
[   11103ms] [LOG] permissions [PROGRAM_LIST_VIEW] @ https://dev-green.techmaster.in.th/_next/static/chunks/5395-700b2ec6d3cb7694.js:0
[   11540ms] [LOG] hasAccess true @ https://dev-green.techmaster.in.th/_next/static/chunks/5395-700b2ec6d3cb7694.js:0
[   11540ms] [LOG] permissions [PROGRAM_LIST_VIEW] @ https://dev-green.techmaster.in.th/_next/static/chunks/5395-700b2ec6d3cb7694.js:0
[   12199ms] [LOG] hasAccess true @ https://dev-green.techmaster.in.th/_next/static/chunks/5395-700b2ec6d3cb7694.js:0
[   12199ms] [LOG] permissions [PROGRAM_LIST_VIEW] @ https://dev-green.techmaster.in.th/_next/static/chunks/5395-700b2ec6d3cb7694.js:0
[   14366ms] [LOG] hasAccess true @ https://dev-green.techmaster.in.th/_next/static/chunks/5395-700b2ec6d3cb7694.js:0
[   14366ms] [LOG] permissions [PROGRAM_UNIT_VIEW] @ https://dev-green.techmaster.in.th/_next/static/chunks/5395-700b2ec6d3cb7694.js:0
[   14459ms] [LOG] hasAccess true @ https://dev-green.techmaster.in.th/_next/static/chunks/5395-700b2ec6d3cb7694.js:0
[   14459ms] [LOG] permissions [PROGRAM_UNIT_VIEW] @ https://dev-green.techmaster.in.th/_next/static/chunks/5395-700b2ec6d3cb7694.js:0
[   14885ms] [LOG] params {page: 1, page_size: 15, search_text: undefined, name: null, status: null} @ https://dev-green.techmaster.in.th/_next/static/chunks/3264-d9459b95a7c0863a.js:0
[   15128ms] [LOG] hasAccess true @ https://dev-green.techmaster.in.th/_next/static/chunks/5395-700b2ec6d3cb7694.js:0
[   15129ms] [LOG] permissions [PROGRAM_UNIT_VIEW] @ https://dev-green.techmaster.in.th/_next/static/chunks/5395-700b2ec6d3cb7694.js:0
