[     100ms] [LOG] Storage rehydrated: {hasState: true, hasAccessToken: eyJhbGciOiJIUzI1NiIsInR5cCI6IkpXVCJ9.eyJpZCI6NTMsI…AxOX0.2H2g2kEts64lffxCLDgBVKZZc7bHK9P4G4pVZtfIu04, isAuthenticated: true} @ https://dev-green.techmaster.in.th/_next/static/chunks/3264-d9459b95a7c0863a.js:0
[     100ms] [LOG] Has token after rehydration, fetching profile... @ https://dev-green.techmaster.in.th/_next/static/chunks/3264-d9459b95a7c0863a.js:0
[     111ms] [LOG] Fetch profile called, auth state: {hasAccessToken: true, isAuthenticated: true} @ https://dev-green.techmaster.in.th/_next/static/chunks/3264-d9459b95a7c0863a.js:0
[     111ms] [LOG] Fetching profile... @ https://dev-green.techmaster.in.th/_next/static/chunks/3264-d9459b95a7c0863a.js:0
[     142ms] [LOG] hasAccess true @ https://dev-green.techmaster.in.th/_next/static/chunks/5395-700b2ec6d3cb7694.js:0
[     142ms] [LOG] permissions [USER_ROLE_VIEW] @ https://dev-green.techmaster.in.th/_next/static/chunks/5395-700b2ec6d3cb7694.js:0
[     254ms] [LOG] hasAccess true @ https://dev-green.techmaster.in.th/_next/static/chunks/5395-700b2ec6d3cb7694.js:0
[     254ms] [LOG] permissions [USER_ROLE_VIEW] @ https://dev-green.techmaster.in.th/_next/static/chunks/5395-700b2ec6d3cb7694.js:0
[     260ms] [VERBOSE] [DOM] Password field is not contained in a form: (More info: https://goo.gl/9p2vKq) %o @ https://dev-green.techmaster.in.th/user/roles?page=1&pageSize=15:0
[     260ms] [VERBOSE] [DOM] Password field is not contained in a form: (More info: https://goo.gl/9p2vKq) %o @ https://dev-green.techmaster.in.th/user/roles?page=1&pageSize=15:0
[     260ms] [VERBOSE] [DOM] Password field is not contained in a form: (More info: https://goo.gl/9p2vKq) %o @ https://dev-green.techmaster.in.th/user/roles?page=1&pageSize=15:0
[     311ms] [LOG] Profile fetched successfully @ https://dev-green.techmaster.in.th/_next/static/chunks/3264-d9459b95a7c0863a.js:0
[     313ms] [LOG] hasAccess true @ https://dev-green.techmaster.in.th/_next/static/chunks/5395-700b2ec6d3cb7694.js:0
[     313ms] [LOG] permissions [USER_ROLE_VIEW] @ https://dev-green.techmaster.in.th/_next/static/chunks/5395-700b2ec6d3cb7694.js:0
[     932ms] [LOG] hasAccess true @ https://dev-green.techmaster.in.th/_next/static/chunks/5395-700b2ec6d3cb7694.js:0
[     932ms] [LOG] permissions [USER_ROLE_VIEW] @ https://dev-green.techmaster.in.th/_next/static/chunks/5395-700b2ec6d3cb7694.js:0
[   14890ms] [LOG] hasAccess true @ https://dev-green.techmaster.in.th/_next/static/chunks/5395-700b2ec6d3cb7694.js:0
[   14890ms] [LOG] permissions [USER_LIST_VIEW] @ https://dev-green.techmaster.in.th/_next/static/chunks/5395-700b2ec6d3cb7694.js:0
[   15003ms] [LOG] hasAccess true @ https://dev-green.techmaster.in.th/_next/static/chunks/5395-700b2ec6d3cb7694.js:0
[   15003ms] [LOG] permissions [USER_LIST_VIEW] @ https://dev-green.techmaster.in.th/_next/static/chunks/5395-700b2ec6d3cb7694.js:0
[   15705ms] [LOG] hasAccess true @ https://dev-green.techmaster.in.th/_next/static/chunks/5395-700b2ec6d3cb7694.js:0
[   15705ms] [LOG] permissions [USER_LIST_VIEW] @ https://dev-green.techmaster.in.th/_next/static/chunks/5395-700b2ec6d3cb7694.js:0
