[      88ms] [LOG] Storage rehydrated: {hasState: true, hasAccessToken: eyJhbGciOiJIUzI1NiIsInR5cCI6IkpXVCJ9.eyJpZCI6NTMsI…U0OH0.Ps3pKy24kAbolzyXKjkkzMoNHGVAI8kECcq-SAObgfw, isAuthenticated: true} @ https://dev-green.techmaster.in.th/_next/static/chunks/app/(auth)/dashboard/page-fb590b365b40219b.js:0
[      88ms] [LOG] Has token after rehydration, fetching profile... @ https://dev-green.techmaster.in.th/_next/static/chunks/app/(auth)/dashboard/page-fb590b365b40219b.js:0
[      98ms] [LOG] Fetch profile called, auth state: {hasAccessToken: true, isAuthenticated: true} @ https://dev-green.techmaster.in.th/_next/static/chunks/app/(auth)/dashboard/page-fb590b365b40219b.js:0
[      98ms] [LOG] Fetching profile... @ https://dev-green.techmaster.in.th/_next/static/chunks/app/(auth)/dashboard/page-fb590b365b40219b.js:0
[     173ms] [LOG] Profile fetched successfully @ https://dev-green.techmaster.in.th/_next/static/chunks/app/(auth)/dashboard/page-fb590b365b40219b.js:0
[     236ms] [VERBOSE] [DOM] Password field is not contained in a form: (More info: https://goo.gl/9p2vKq) %o @ https://dev-green.techmaster.in.th/dashboard:0
[     236ms] [VERBOSE] [DOM] Password field is not contained in a form: (More info: https://goo.gl/9p2vKq) %o @ https://dev-green.techmaster.in.th/dashboard:0
[     236ms] [VERBOSE] [DOM] Password field is not contained in a form: (More info: https://goo.gl/9p2vKq) %o @ https://dev-green.techmaster.in.th/dashboard:0
[    9690ms] [LOG] hasAccess true @ https://dev-green.techmaster.in.th/_next/static/chunks/5395-5679d279d97322c8.js:0
[    9690ms] [LOG] permissions [PROGRAM_ITEM_TYPE_VIEW] @ https://dev-green.techmaster.in.th/_next/static/chunks/5395-5679d279d97322c8.js:0
[    9881ms] [LOG] hasAccess true @ https://dev-green.techmaster.in.th/_next/static/chunks/5395-5679d279d97322c8.js:0
[    9881ms] [LOG] permissions [PROGRAM_ITEM_TYPE_VIEW] @ https://dev-green.techmaster.in.th/_next/static/chunks/5395-5679d279d97322c8.js:0
[   10593ms] [LOG] hasAccess true @ https://dev-green.techmaster.in.th/_next/static/chunks/5395-5679d279d97322c8.js:0
[   10593ms] [LOG] permissions [PROGRAM_ITEM_TYPE_VIEW] @ https://dev-green.techmaster.in.th/_next/static/chunks/5395-5679d279d97322c8.js:0
[   20578ms] [LOG] hasAccess true @ https://dev-green.techmaster.in.th/_next/static/chunks/5395-5679d279d97322c8.js:0
[   20578ms] [LOG] permissions [PROGRAM_UNIT_VIEW] @ https://dev-green.techmaster.in.th/_next/static/chunks/5395-5679d279d97322c8.js:0
[   20711ms] [LOG] hasAccess true @ https://dev-green.techmaster.in.th/_next/static/chunks/5395-5679d279d97322c8.js:0
[   20711ms] [LOG] permissions [PROGRAM_UNIT_VIEW] @ https://dev-green.techmaster.in.th/_next/static/chunks/5395-5679d279d97322c8.js:0
[   21123ms] [LOG] params {page: 1, page_size: 15, search_text: undefined, name: null, status: null} @ https://dev-green.techmaster.in.th/_next/static/chunks/3264-d9459b95a7c0863a.js:0
[   21454ms] [LOG] hasAccess true @ https://dev-green.techmaster.in.th/_next/static/chunks/5395-5679d279d97322c8.js:0
[   21455ms] [LOG] permissions [PROGRAM_UNIT_VIEW] @ https://dev-green.techmaster.in.th/_next/static/chunks/5395-5679d279d97322c8.js:0
