[     562ms] [VERBOSE] [DOM] Input elements should have autocomplete attributes (suggested: "username"): (More info: https://goo.gl/9p2vKq) %o @ https://dev-green.techmaster.in.th/login:0
[     616ms] [LOG] Storage rehydrated: {hasState: true, hasAccessToken: null, isAuthenticated: false} @ https://dev-green.techmaster.in.th/_next/static/chunks/3264-d9459b95a7c0863a.js:0
[    4015ms] [LOG] Attempting login... @ https://dev-green.techmaster.in.th/_next/static/chunks/3264-d9459b95a7c0863a.js:0
[    4362ms] [LOG] Login successful, setting tokens @ https://dev-green.techmaster.in.th/_next/static/chunks/3264-d9459b95a7c0863a.js:0
[    4362ms] [LOG] Fetching profile after login... @ https://dev-green.techmaster.in.th/_next/static/chunks/3264-d9459b95a7c0863a.js:0
[    4362ms] [LOG] Fetch profile called, auth state: {hasAccessToken: true, isAuthenticated: true} @ https://dev-green.techmaster.in.th/_next/static/chunks/3264-d9459b95a7c0863a.js:0
[    4362ms] [LOG] Fetching profile... @ https://dev-green.techmaster.in.th/_next/static/chunks/3264-d9459b95a7c0863a.js:0
[    4505ms] [LOG] Profile fetched successfully @ https://dev-green.techmaster.in.th/_next/static/chunks/3264-d9459b95a7c0863a.js:0
[    4796ms] [VERBOSE] [DOM] Password field is not contained in a form: (More info: https://goo.gl/9p2vKq) %o @ https://dev-green.techmaster.in.th/dashboard:0
[    4796ms] [VERBOSE] [DOM] Password field is not contained in a form: (More info: https://goo.gl/9p2vKq) %o @ https://dev-green.techmaster.in.th/dashboard:0
[    4796ms] [VERBOSE] [DOM] Password field is not contained in a form: (More info: https://goo.gl/9p2vKq) %o @ https://dev-green.techmaster.in.th/dashboard:0
[   28140ms] [LOG] hasAccess true @ https://dev-green.techmaster.in.th/_next/static/chunks/5395-700b2ec6d3cb7694.js:0
[   28140ms] [LOG] permissions [COMPANY_OVERVIEW_VIEW] @ https://dev-green.techmaster.in.th/_next/static/chunks/5395-700b2ec6d3cb7694.js:0
[   63977ms] [LOG] hasAccess true @ https://dev-green.techmaster.in.th/_next/static/chunks/5395-700b2ec6d3cb7694.js:0
[   63977ms] [LOG] permissions [GUIDE_REPORT_VIEW] @ https://dev-green.techmaster.in.th/_next/static/chunks/5395-700b2ec6d3cb7694.js:0
[   73397ms] [LOG] hasAccess true @ https://dev-green.techmaster.in.th/_next/static/chunks/5395-700b2ec6d3cb7694.js:0
[   73397ms] [LOG] permissions [EXPENSE_REPORT_VIEW] @ https://dev-green.techmaster.in.th/_next/static/chunks/5395-700b2ec6d3cb7694.js:0
[   94763ms] [LOG] hasAccess true @ https://dev-green.techmaster.in.th/_next/static/chunks/5395-700b2ec6d3cb7694.js:0
[   94763ms] [LOG] permissions [BOOKING_LIST_VIEW] @ https://dev-green.techmaster.in.th/_next/static/chunks/5395-700b2ec6d3cb7694.js:0
[   94975ms] [LOG] hasAccess true @ https://dev-green.techmaster.in.th/_next/static/chunks/5395-700b2ec6d3cb7694.js:0
[   94975ms] [LOG] permissions [BOOKING_LIST_VIEW] @ https://dev-green.techmaster.in.th/_next/static/chunks/5395-700b2ec6d3cb7694.js:0
[   95675ms] [LOG] hasAccess true @ https://dev-green.techmaster.in.th/_next/static/chunks/5395-700b2ec6d3cb7694.js:0
[   95675ms] [LOG] permissions [BOOKING_LIST_VIEW] @ https://dev-green.techmaster.in.th/_next/static/chunks/5395-700b2ec6d3cb7694.js:0
