[     158ms] [LOG] Storage rehydrated: {hasState: true, hasAccessToken: eyJhbGciOiJIUzI1NiIsInR5cCI6IkpXVCJ9.eyJpZCI6NTMsI…U0OH0.Ps3pKy24kAbolzyXKjkkzMoNHGVAI8kECcq-SAObgfw, isAuthenticated: true} @ https://dev-green.techmaster.in.th/_next/static/chunks/3264-d9459b95a7c0863a.js:0
[     158ms] [LOG] Has token after rehydration, fetching profile... @ https://dev-green.techmaster.in.th/_next/static/chunks/3264-d9459b95a7c0863a.js:0
[     230ms] [LOG] Fetch profile called, auth state: {hasAccessToken: true, isAuthenticated: true} @ https://dev-green.techmaster.in.th/_next/static/chunks/3264-d9459b95a7c0863a.js:0
[     230ms] [LOG] Fetching profile... @ https://dev-green.techmaster.in.th/_next/static/chunks/3264-d9459b95a7c0863a.js:0
[     265ms] [LOG] company null @ https://dev-green.techmaster.in.th/_next/static/chunks/5395-5679d279d97322c8.js:0
[     300ms] [LOG] company null @ https://dev-green.techmaster.in.th/_next/static/chunks/5395-5679d279d97322c8.js:0
[     379ms] [LOG] Profile fetched successfully @ https://dev-green.techmaster.in.th/_next/static/chunks/3264-d9459b95a7c0863a.js:0
[     387ms] [VERBOSE] [DOM] Password field is not contained in a form: (More info: https://goo.gl/9p2vKq) %o @ https://dev-green.techmaster.in.th/vehicle/own-vehicle?page=1&page_size=15:0
[     388ms] [VERBOSE] [DOM] Password field is not contained in a form: (More info: https://goo.gl/9p2vKq) %o @ https://dev-green.techmaster.in.th/vehicle/own-vehicle?page=1&page_size=15:0
[     388ms] [VERBOSE] [DOM] Password field is not contained in a form: (More info: https://goo.gl/9p2vKq) %o @ https://dev-green.techmaster.in.th/vehicle/own-vehicle?page=1&page_size=15:0
[     460ms] [LOG] company {id: 1, logo: Object, name: บริษัท วัน เอเชีย คอร์ปอร์เรชั่น จำกัด, address: พร้อมพันธุ์ 3 ชั้น 5 ห้อง 505-507 ถนนลาดพร้าวซอย 3, province_code: 10} @ https://dev-green.techmaster.in.th/_next/static/chunks/5395-5679d279d97322c8.js:0
[     819ms] [LOG] company {id: 1, logo: Object, name: บริษัท วัน เอเชีย คอร์ปอร์เรชั่น จำกัด, address: พร้อมพันธุ์ 3 ชั้น 5 ห้อง 505-507 ถนนลาดพร้าวซอย 3, province_code: 10} @ https://dev-green.techmaster.in.th/_next/static/chunks/5395-5679d279d97322c8.js:0
[     991ms] [LOG] company {id: 1, logo: Object, name: บริษัท วัน เอเชีย คอร์ปอร์เรชั่น จำกัด, address: พร้อมพันธุ์ 3 ชั้น 5 ห้อง 505-507 ถนนลาดพร้าวซอย 3, province_code: 10} @ https://dev-green.techmaster.in.th/_next/static/chunks/5395-5679d279d97322c8.js:0
[   29339ms] [LOG] company {id: 1, logo: Object, name: บริษัท วัน เอเชีย คอร์ปอร์เรชั่น จำกัด, address: พร้อมพันธุ์ 3 ชั้น 5 ห้อง 505-507 ถนนลาดพร้าวซอย 3, province_code: 10} @ https://dev-green.techmaster.in.th/_next/static/chunks/5395-5679d279d97322c8.js:0
[   29343ms] [LOG] company {id: 1, logo: Object, name: บริษัท วัน เอเชีย คอร์ปอร์เรชั่น จำกัด, address: พร้อมพันธุ์ 3 ชั้น 5 ห้อง 505-507 ถนนลาดพร้าวซอย 3, province_code: 10} @ https://dev-green.techmaster.in.th/_next/static/chunks/5395-5679d279d97322c8.js:0
[   29531ms] [LOG] company {id: 1, logo: Object, name: บริษัท วัน เอเชีย คอร์ปอร์เรชั่น จำกัด, address: พร้อมพันธุ์ 3 ชั้น 5 ห้อง 505-507 ถนนลาดพร้าวซอย 3, province_code: 10} @ https://dev-green.techmaster.in.th/_next/static/chunks/5395-5679d279d97322c8.js:0
[   29874ms] [LOG] company {id: 1, logo: Object, name: บริษัท วัน เอเชีย คอร์ปอร์เรชั่น จำกัด, address: พร้อมพันธุ์ 3 ชั้น 5 ห้อง 505-507 ถนนลาดพร้าวซอย 3, province_code: 10} @ https://dev-green.techmaster.in.th/_next/static/chunks/5395-5679d279d97322c8.js:0
[   30080ms] [LOG] company {id: 1, logo: Object, name: บริษัท วัน เอเชีย คอร์ปอร์เรชั่น จำกัด, address: พร้อมพันธุ์ 3 ชั้น 5 ห้อง 505-507 ถนนลาดพร้าวซอย 3, province_code: 10} @ https://dev-green.techmaster.in.th/_next/static/chunks/5395-5679d279d97322c8.js:0
[   44361ms] [LOG] company {id: 1, logo: Object, name: บริษัท วัน เอเชีย คอร์ปอร์เรชั่น จำกัด, address: พร้อมพันธุ์ 3 ชั้น 5 ห้อง 505-507 ถนนลาดพร้าวซอย 3, province_code: 10} @ https://dev-green.techmaster.in.th/_next/static/chunks/5395-5679d279d97322c8.js:0
[   44494ms] [LOG] company {id: 1, logo: Object, name: บริษัท วัน เอเชีย คอร์ปอร์เรชั่น จำกัด, address: พร้อมพันธุ์ 3 ชั้น 5 ห้อง 505-507 ถนนลาดพร้าวซอย 3, province_code: 10} @ https://dev-green.techmaster.in.th/_next/static/chunks/5395-5679d279d97322c8.js:0
[   44892ms] [LOG] company {id: 1, logo: Object, name: บริษัท วัน เอเชีย คอร์ปอร์เรชั่น จำกัด, address: พร้อมพันธุ์ 3 ชั้น 5 ห้อง 505-507 ถนนลาดพร้าวซอย 3, province_code: 10} @ https://dev-green.techmaster.in.th/_next/static/chunks/5395-5679d279d97322c8.js:0
[   44900ms] [LOG] company {id: 1, logo: Object, name: บริษัท วัน เอเชีย คอร์ปอร์เรชั่น จำกัด, address: พร้อมพันธุ์ 3 ชั้น 5 ห้อง 505-507 ถนนลาดพร้าวซอย 3, province_code: 10} @ https://dev-green.techmaster.in.th/_next/static/chunks/5395-5679d279d97322c8.js:0
[   45051ms] [LOG] result [Object, Object, Object, Object, Object, Object, Object, Object, Object, Object, Object, Object, Object, Object, Object] @ https://dev-green.techmaster.in.th/_next/static/chunks/3264-d9459b95a7c0863a.js:0
[   45052ms] [LOG] company {id: 1, logo: Object, name: บริษัท วัน เอเชีย คอร์ปอร์เรชั่น จำกัด, address: พร้อมพันธุ์ 3 ชั้น 5 ห้อง 505-507 ถนนลาดพร้าวซอย 3, province_code: 10} @ https://dev-green.techmaster.in.th/_next/static/chunks/5395-5679d279d97322c8.js:0
