[     106ms] [LOG] Storage rehydrated: {hasState: true, hasAccessToken: eyJhbGciOiJIUzI1NiIsInR5cCI6IkpXVCJ9.eyJpZCI6NTMsI…U0OH0.Ps3pKy24kAbolzyXKjkkzMoNHGVAI8kECcq-SAObgfw, isAuthenticated: true} @ https://dev-green.techmaster.in.th/_next/static/chunks/3264-d9459b95a7c0863a.js:0
[     106ms] [LOG] Has token after rehydration, fetching profile... @ https://dev-green.techmaster.in.th/_next/static/chunks/3264-d9459b95a7c0863a.js:0
[     118ms] [LOG] Fetch profile called, auth state: {hasAccessToken: true, isAuthenticated: true} @ https://dev-green.techmaster.in.th/_next/static/chunks/3264-d9459b95a7c0863a.js:0
[     118ms] [LOG] Fetching profile... @ https://dev-green.techmaster.in.th/_next/static/chunks/3264-d9459b95a7c0863a.js:0
[     174ms] [LOG] hasAccess true @ https://dev-green.techmaster.in.th/_next/static/chunks/5395-5679d279d97322c8.js:0
[     174ms] [LOG] permissions [EXPENSE_VIEW] @ https://dev-green.techmaster.in.th/_next/static/chunks/5395-5679d279d97322c8.js:0
[     253ms] [LOG] Profile fetched successfully @ https://dev-green.techmaster.in.th/_next/static/chunks/3264-d9459b95a7c0863a.js:0
[     258ms] [LOG] hasAccess true @ https://dev-green.techmaster.in.th/_next/static/chunks/5395-5679d279d97322c8.js:0
[     258ms] [LOG] permissions [EXPENSE_VIEW] @ https://dev-green.techmaster.in.th/_next/static/chunks/5395-5679d279d97322c8.js:0
[     310ms] [VERBOSE] [DOM] Password field is not contained in a form: (More info: https://goo.gl/9p2vKq) %o @ https://dev-green.techmaster.in.th/payment/expenses:0
[     310ms] [VERBOSE] [DOM] Password field is not contained in a form: (More info: https://goo.gl/9p2vKq) %o @ https://dev-green.techmaster.in.th/payment/expenses:0
[     310ms] [VERBOSE] [DOM] Password field is not contained in a form: (More info: https://goo.gl/9p2vKq) %o @ https://dev-green.techmaster.in.th/payment/expenses:0
[     323ms] [LOG] hasAccess true @ https://dev-green.techmaster.in.th/_next/static/chunks/5395-5679d279d97322c8.js:0
[     323ms] [LOG] permissions [EXPENSE_VIEW] @ https://dev-green.techmaster.in.th/_next/static/chunks/5395-5679d279d97322c8.js:0
[     388ms] [LOG] hasAccess true @ https://dev-green.techmaster.in.th/_next/static/chunks/5395-5679d279d97322c8.js:0
[     388ms] [LOG] permissions [EXPENSE_VIEW] @ https://dev-green.techmaster.in.th/_next/static/chunks/5395-5679d279d97322c8.js:0
[     710ms] [LOG] hasAccess true @ https://dev-green.techmaster.in.th/_next/static/chunks/5395-5679d279d97322c8.js:0
[     710ms] [LOG] permissions [EXPENSE_VIEW] @ https://dev-green.techmaster.in.th/_next/static/chunks/5395-5679d279d97322c8.js:0
[     857ms] [LOG] hasAccess true @ https://dev-green.techmaster.in.th/_next/static/chunks/5395-5679d279d97322c8.js:0
[     858ms] [LOG] permissions [EXPENSE_VIEW] @ https://dev-green.techmaster.in.th/_next/static/chunks/5395-5679d279d97322c8.js:0
